INFO:root:Blob add op Blob((0, 0, 255), 5, (463,485)) + Blob((255, 0, 0), 6, (468,476))
INFO:root:Blob add op Blob((0, 0, 255), 4, (302,311)) + Blob((255, 0, 0), 5, (310,307))
INFO:root:Blob add op Blob((0, 0, 255), 7, (250,37)) + Blob((0, 255, 0), 7, (253,49))
INFO:root:Blob add op Blob((0, 0, 255), 6, (430,114)) + Blob((255, 0, 0), 7, (441,113))
INFO:root:Blob add op Blob((0, 0, 255), 7, (647,548)) + Blob((255, 0, 0), 7, (658,555))
INFO:root:Blob add op Blob((0, 0, 255), 5, (127,213)) + Blob((255, 0, 0), 6, (121,205))
INFO:root:Blob add op Blob((0, 0, 255), 6, (23,29)) + Blob((255, 0, 0), 6, (33,24))
INFO:root:Blob add op Blob((0, 0, 255), 6, (684,27)) + Blob((255, 0, 0), 6, (689,23))
INFO:root:Blob add op Blob((0, 0, 255), 5, (366,549)) + Blob((255, 0, 0), 7, (358,557))
INFO:root:Blob add op Blob((0, 0, 255), 7, (529,583)) + Blob((255, 0, 0), 4, (521,590))
INFO:root:Blob add op Blob((0, 0, 255), 7, (716,94)) + Blob((255, 0, 0), 4, (706,95))
INFO:root:Blob add op Blob((0, 0, 255), 3, (718,85)) + Blob((255, 0, 0), 1, (720,85))
INFO:root:Blob add op Blob((0, 0, 255), 6, (92,570)) + Blob((0, 255, 0), 6, (98,563))
INFO:root:Blob add op Blob((0, 0, 255), 6, (739,57)) + Blob((0, 0, 255), 2, (735,63))
INFO:root:Blob add op Blob((0, 0, 255), 2, (735,63)) + Blob((0, 0, 255), 6, (739,57))
INFO:root:Blob add op Blob((0, 0, 255), 6, (741,57)) + Blob((0, 0, 255), 2, (736,62))
INFO:root:Blob add op Blob((0, 0, 255), 2, (736,62)) + Blob((0, 0, 255), 6, (741,57))
INFO:root:Blob add op Blob((0, 0, 255), 6, (741,57)) + Blob((0, 0, 255), 2, (737,63))
INFO:root:Blob add op Blob((0, 0, 255), 2, (737,63)) + Blob((0, 0, 255), 6, (741,57))
INFO:root:Blob add op Blob((0, 0, 255), 6, (741,57)) + Blob((0, 0, 255), 2, (736,62))
INFO:root:Blob add op Blob((0, 0, 255), 2, (736,62)) + Blob((0, 0, 255), 6, (741,57))
INFO:root:Blob add op Blob((0, 0, 255), 6, (741,57)) + Blob((0, 0, 255), 2, (737,62))
INFO:root:Blob add op Blob((0, 0, 255), 2, (737,62)) + Blob((0, 0, 255), 6, (741,57))
INFO:root:Blob add op Blob((0, 0, 255), 6, (741,57)) + Blob((0, 0, 255), 2, (738,62))
INFO:root:Blob add op Blob((0, 0, 255), 2, (738,62)) + Blob((0, 0, 255), 6, (741,57))
INFO:root:Blob add op Blob((0, 0, 255), 6, (740,56)) + Blob((0, 0, 255), 2, (737,61))
INFO:root:Blob add op Blob((0, 0, 255), 2, (737,61)) + Blob((0, 0, 255), 6, (740,56))
INFO:root:Blob add op Blob((0, 0, 255), 6, (739,56)) + Blob((0, 0, 255), 2, (738,60))
INFO:root:Blob add op Blob((0, 0, 255), 2, (738,60)) + Blob((0, 0, 255), 6, (739,56))
INFO:root:Blob add op Blob((0, 0, 255), 6, (740,57)) + Blob((0, 0, 255), 2, (737,61))
INFO:root:Blob add op Blob((0, 0, 255), 2, (737,61)) + Blob((0, 0, 255), 6, (740,57))
INFO:root:Blob add op Blob((0, 0, 255), 6, (741,58)) + Blob((0, 0, 255), 2, (736,60))
INFO:root:Blob add op Blob((0, 0, 255), 2, (736,60)) + Blob((0, 0, 255), 6, (741,58))
INFO:root:Blob add op Blob((0, 0, 255), 6, (740,59)) + Blob((0, 0, 255), 2, (737,60))
INFO:root:Blob add op Blob((0, 0, 255), 2, (737,60)) + Blob((0, 0, 255), 6, (740,59))
INFO:root:Blob add op Blob((0, 0, 255), 6, (740,59)) + Blob((0, 0, 255), 2, (736,60))
INFO:root:Blob add op Blob((0, 0, 255), 2, (736,60)) + Blob((0, 0, 255), 6, (740,59))
INFO:root:Blob add op Blob((0, 0, 255), 6, (740,58)) + Blob((0, 0, 255), 2, (736,61))
INFO:root:Blob add op Blob((0, 0, 255), 2, (736,61)) + Blob((0, 0, 255), 6, (740,58))
INFO:root:Blob add op Blob((0, 0, 255), 6, (741,59)) + Blob((0, 0, 255), 2, (737,62))
INFO:root:Blob add op Blob((0, 0, 255), 2, (737,62)) + Blob((0, 0, 255), 6, (741,59))
INFO:root:Blob add op Blob((0, 0, 255), 6, (740,58)) + Blob((0, 0, 255), 2, (738,62))
INFO:root:Blob add op Blob((0, 0, 255), 2, (738,62)) + Blob((0, 0, 255), 6, (740,58))
INFO:root:Blob add op Blob((0, 0, 255), 6, (740,59)) + Blob((0, 0, 255), 2, (738,63))
INFO:root:Blob add op Blob((0, 0, 255), 2, (738,63)) + Blob((0, 0, 255), 6, (740,59))
INFO:root:Blob add op Blob((0, 0, 255), 6, (741,58)) + Blob((0, 0, 255), 2, (737,62))
INFO:root:Blob add op Blob((0, 0, 255), 2, (737,62)) + Blob((0, 0, 255), 6, (741,58))
INFO:root:Blob add op Blob((0, 0, 255), 6, (740,57)) + Blob((0, 0, 255), 2, (737,61))
INFO:root:Blob add op Blob((0, 0, 255), 2, (737,61)) + Blob((0, 0, 255), 6, (740,57))
INFO:root:Blob add op Blob((0, 0, 255), 6, (740,56)) + Blob((0, 0, 255), 2, (737,62))
INFO:root:Blob add op Blob((0, 0, 255), 2, (737,62)) + Blob((0, 0, 255), 6, (740,56))
INFO:root:Blob add op Blob((0, 0, 255), 6, (740,57)) + Blob((0, 0, 255), 2, (737,63))
INFO:root:Blob add op Blob((0, 0, 255), 2, (737,63)) + Blob((0, 0, 255), 6, (740,57))
INFO:root:Blob add op Blob((0, 0, 255), 6, (740,58)) + Blob((0, 0, 255), 2, (737,64))
INFO:root:Blob add op Blob((0, 0, 255), 2, (737,64)) + Blob((0, 0, 255), 6, (740,58))
INFO:root:Blob add op Blob((0, 0, 255), 6, (741,58)) + Blob((0, 0, 255), 2, (737,63))
INFO:root:Blob add op Blob((0, 0, 255), 2, (737,63)) + Blob((0, 0, 255), 6, (741,58))
INFO:root:Blob add op Blob((0, 0, 255), 6, (740,59)) + Blob((0, 0, 255), 2, (738,62))
INFO:root:Blob add op Blob((0, 0, 255), 2, (738,62)) + Blob((0, 0, 255), 6, (740,59))
INFO:root:Blob add op Blob((0, 0, 255), 6, (740,58)) + Blob((0, 0, 255), 2, (739,62))
INFO:root:Blob add op Blob((0, 0, 255), 2, (739,62)) + Blob((0, 0, 255), 6, (740,58))
INFO:root:Blob add op Blob((0, 0, 255), 6, (739,58)) + Blob((0, 0, 255), 2, (739,61))
INFO:root:Blob add op Blob((0, 0, 255), 2, (739,61)) + Blob((0, 0, 255), 6, (739,58))
INFO:root:Blob add op Blob((0, 0, 255), 6, (740,58)) + Blob((0, 0, 255), 2, (739,62))
INFO:root:Blob add op Blob((0, 0, 255), 2, (739,62)) + Blob((0, 0, 255), 6, (740,58))
INFO:root:Blob add op Blob((0, 0, 255), 6, (739,57)) + Blob((0, 0, 255), 2, (738,63))
INFO:root:Blob add op Blob((0, 0, 255), 2, (738,63)) + Blob((0, 0, 255), 6, (739,57))
INFO:root:Blob add op Blob((0, 0, 255), 6, (738,57)) + Blob((0, 0, 255), 2, (739,62))
INFO:root:Blob add op Blob((0, 0, 255), 2, (739,62)) + Blob((0, 0, 255), 6, (738,57))
INFO:root:Blob add op Blob((0, 0, 255), 6, (738,57)) + Blob((0, 0, 255), 2, (740,62))
INFO:root:Blob add op Blob((0, 0, 255), 2, (740,62)) + Blob((0, 0, 255), 6, (738,57))
INFO:root:Blob add op Blob((0, 0, 255), 6, (739,57)) + Blob((0, 0, 255), 2, (739,63))
INFO:root:Blob add op Blob((0, 0, 255), 2, (739,63)) + Blob((0, 0, 255), 6, (739,57))
INFO:root:Blob add op Blob((0, 0, 255), 6, (738,58)) + Blob((0, 0, 255), 2, (739,63))
INFO:root:Blob add op Blob((0, 0, 255), 2, (739,63)) + Blob((0, 0, 255), 6, (738,58))
INFO:root:Blob add op Blob((0, 0, 255), 6, (739,59)) + Blob((0, 0, 255), 2, (738,62))
INFO:root:Blob add op Blob((0, 0, 255), 2, (738,62)) + Blob((0, 0, 255), 6, (739,59))
INFO:root:Blob add op Blob((0, 0, 255), 6, (738,59)) + Blob((0, 0, 255), 2, (737,62))
INFO:root:Blob add op Blob((0, 0, 255), 2, (737,62)) + Blob((0, 0, 255), 6, (738,59))
INFO:root:Blob add op Blob((0, 0, 255), 6, (738,60)) + Blob((0, 0, 255), 2, (737,62))
INFO:root:Blob add op Blob((0, 0, 255), 2, (737,62)) + Blob((0, 0, 255), 6, (738,60))
INFO:root:Blob add op Blob((0, 0, 255), 6, (738,59)) + Blob((0, 0, 255), 2, (736,63))
INFO:root:Blob add op Blob((0, 0, 255), 2, (736,63)) + Blob((0, 0, 255), 6, (738,59))
INFO:root:Blob add op Blob((0, 0, 255), 6, (738,59)) + Blob((0, 0, 255), 2, (737,64))
INFO:root:Blob add op Blob((0, 0, 255), 2, (737,64)) + Blob((0, 0, 255), 6, (738,59))
INFO:root:Blob add op Blob((0, 0, 255), 6, (739,58)) + Blob((0, 0, 255), 2, (737,65))
INFO:root:Blob add op Blob((0, 0, 255), 2, (737,65)) + Blob((0, 0, 255), 6, (739,58))
INFO:root:Blob add op Blob((0, 0, 255), 6, (739,58)) + Blob((0, 0, 255), 2, (737,65))
INFO:root:Blob add op Blob((0, 0, 255), 2, (737,65)) + Blob((0, 0, 255), 6, (739,58))
INFO:root:Blob add op Blob((0, 0, 255), 6, (738,58)) + Blob((0, 0, 255), 2, (736,65))
INFO:root:Blob add op Blob((0, 0, 255), 2, (736,65)) + Blob((0, 0, 255), 6, (738,58))
INFO:root:Blob add op Blob((0, 0, 255), 6, (739,58)) + Blob((0, 0, 255), 2, (735,64))
INFO:root:Blob add op Blob((0, 0, 255), 2, (735,64)) + Blob((0, 0, 255), 6, (739,58))
INFO:root:Blob add op Blob((0, 0, 255), 6, (738,58)) + Blob((0, 0, 255), 2, (736,63))
INFO:root:Blob add op Blob((0, 0, 255), 2, (736,63)) + Blob((0, 0, 255), 6, (738,58))
INFO:root:Blob add op Blob((0, 0, 255), 6, (739,57)) + Blob((0, 0, 255), 2, (737,64))
INFO:root:Blob add op Blob((0, 0, 255), 2, (737,64)) + Blob((0, 0, 255), 6, (739,57))
INFO:root:Blob add op Blob((0, 0, 255), 6, (738,58)) + Blob((0, 0, 255), 2, (736,64))
INFO:root:Blob add op Blob((0, 0, 255), 2, (736,64)) + Blob((0, 0, 255), 6, (738,58))
INFO:root:Blob add op Blob((0, 0, 255), 6, (737,58)) + Blob((0, 0, 255), 2, (737,64))
INFO:root:Blob add op Blob((0, 0, 255), 2, (737,64)) + Blob((0, 0, 255), 6, (737,58))
INFO:root:Blob add op Blob((0, 0, 255), 6, (737,59)) + Blob((0, 0, 255), 2, (736,65))
INFO:root:Blob add op Blob((0, 0, 255), 2, (736,65)) + Blob((0, 0, 255), 6, (737,59))
INFO:root:Blob add op Blob((0, 0, 255), 6, (738,59)) + Blob((0, 0, 255), 2, (739,66))
INFO:root:Blob add op Blob((0, 0, 255), 2, (739,66)) + Blob((0, 0, 255), 6, (738,59))
INFO:root:Blob add op Blob((0, 0, 255), 6, (738,60)) + Blob((0, 0, 255), 2, (739,65))
INFO:root:Blob add op Blob((0, 0, 255), 2, (739,65)) + Blob((0, 0, 255), 6, (738,60))
INFO:root:Blob add op Blob((0, 0, 255), 6, (738,59)) + Blob((0, 0, 255), 2, (739,66))
INFO:root:Blob add op Blob((0, 0, 255), 2, (739,66)) + Blob((0, 0, 255), 6, (738,59))
INFO:root:Blob add op Blob((0, 0, 255), 6, (739,60)) + Blob((0, 0, 255), 2, (738,67))
INFO:root:Blob add op Blob((0, 0, 255), 2, (738,67)) + Blob((0, 0, 255), 6, (739,60))
INFO:root:Blob add op Blob((0, 0, 255), 6, (737,62)) + Blob((0, 0, 255), 2, (740,69))
INFO:root:Blob add op Blob((0, 0, 255), 2, (740,69)) + Blob((0, 0, 255), 6, (737,62))
INFO:root:Blob add op Blob((0, 0, 255), 6, (737,62)) + Blob((0, 0, 255), 2, (738,69))
INFO:root:Blob add op Blob((0, 0, 255), 2, (738,69)) + Blob((0, 0, 255), 6, (737,62))
INFO:root:Blob add op Blob((0, 0, 255), 6, (737,63)) + Blob((0, 0, 255), 2, (738,68))
INFO:root:Blob add op Blob((0, 0, 255), 2, (738,68)) + Blob((0, 0, 255), 6, (737,63))
INFO:root:Blob add op Blob((0, 0, 255), 6, (737,64)) + Blob((0, 0, 255), 2, (737,69))
INFO:root:Blob add op Blob((0, 0, 255), 2, (737,69)) + Blob((0, 0, 255), 6, (737,64))
INFO:root:Blob add op Blob((0, 0, 255), 6, (737,63)) + Blob((0, 0, 255), 2, (737,70))
INFO:root:Blob add op Blob((0, 0, 255), 2, (737,70)) + Blob((0, 0, 255), 6, (737,63))
INFO:root:Blob add op Blob((0, 0, 255), 6, (742,61)) + Blob((0, 0, 255), 2, (739,68))
INFO:root:Blob add op Blob((0, 0, 255), 2, (739,68)) + Blob((0, 0, 255), 6, (742,61))
INFO:root:Blob add op Blob((0, 0, 255), 6, (742,64)) + Blob((0, 0, 255), 2, (739,70))
INFO:root:Blob add op Blob((0, 0, 255), 2, (739,70)) + Blob((0, 0, 255), 6, (742,64))
INFO:root:Blob add op Blob((0, 0, 255), 6, (742,64)) + Blob((0, 0, 255), 2, (739,69))
INFO:root:Blob add op Blob((0, 0, 255), 2, (739,69)) + Blob((0, 0, 255), 6, (742,64))
INFO:root:Blob add op Blob((0, 0, 255), 6, (742,65)) + Blob((0, 0, 255), 2, (739,70))
INFO:root:Blob add op Blob((0, 0, 255), 2, (739,70)) + Blob((0, 0, 255), 6, (742,65))
INFO:root:Blob add op Blob((0, 0, 255), 6, (743,65)) + Blob((0, 0, 255), 2, (740,71))
INFO:root:Blob add op Blob((0, 0, 255), 2, (740,71)) + Blob((0, 0, 255), 6, (743,65))
INFO:root:Blob add op Blob((0, 0, 255), 6, (744,66)) + Blob((0, 0, 255), 2, (740,70))
INFO:root:Blob add op Blob((0, 0, 255), 2, (740,70)) + Blob((0, 0, 255), 6, (744,66))
INFO:root:Blob add op Blob((0, 0, 255), 6, (745,67)) + Blob((0, 0, 255), 2, (741,71))
INFO:root:Blob add op Blob((0, 0, 255), 2, (741,71)) + Blob((0, 0, 255), 6, (745,67))
INFO:root:Blob add op Blob((0, 0, 255), 6, (745,67)) + Blob((0, 0, 255), 2, (742,70))
INFO:root:Blob add op Blob((0, 0, 255), 2, (742,70)) + Blob((0, 0, 255), 6, (745,67))
INFO:root:Blob add op Blob((0, 0, 255), 6, (745,67)) + Blob((0, 0, 255), 2, (743,71))
INFO:root:Blob add op Blob((0, 0, 255), 2, (743,71)) + Blob((0, 0, 255), 6, (745,67))
INFO:root:Blob add op Blob((0, 0, 255), 6, (744,67)) + Blob((0, 0, 255), 2, (744,72))
INFO:root:Blob add op Blob((0, 0, 255), 2, (744,72)) + Blob((0, 0, 255), 6, (744,67))
INFO:root:Blob add op Blob((0, 0, 255), 6, (745,67)) + Blob((0, 0, 255), 2, (743,71))
INFO:root:Blob add op Blob((0, 0, 255), 2, (743,71)) + Blob((0, 0, 255), 6, (745,67))
INFO:root:Blob add op Blob((0, 0, 255), 6, (745,66)) + Blob((0, 0, 255), 2, (742,71))
INFO:root:Blob add op Blob((0, 0, 255), 2, (742,71)) + Blob((0, 0, 255), 6, (745,66))
INFO:root:Blob add op Blob((0, 0, 255), 6, (746,65)) + Blob((0, 0, 255), 2, (743,70))
INFO:root:Blob add op Blob((0, 0, 255), 2, (743,70)) + Blob((0, 0, 255), 6, (746,65))
INFO:root:Blob add op Blob((0, 0, 255), 6, (746,64)) + Blob((0, 0, 255), 2, (742,70))
INFO:root:Blob add op Blob((0, 0, 255), 2, (742,70)) + Blob((0, 0, 255), 6, (746,64))
INFO:root:Blob add op Blob((0, 0, 255), 6, (746,63)) + Blob((0, 0, 255), 2, (743,69))
INFO:root:Blob add op Blob((0, 0, 255), 2, (743,69)) + Blob((0, 0, 255), 6, (746,63))
INFO:root:Blob add op Blob((0, 0, 255), 6, (495,325)) + Blob((255, 0, 0), 5, (486,319))
INFO:root:Blob add op Blob((0, 0, 255), 1, (489,315)) + Blob((255, 0, 0), 4, (486,315))
INFO:root:Blob add op Blob((0, 0, 255), 4, (472,328)) + Blob((255, 0, 0), 7, (480,321))
